<?xml version="1.0" encoding="UTF-8"?>
<testsuite xmlns:xsi="http://www.w3.org/2001/XMLSchema-instance" xsi:noNamespaceSchemaLocation="https://maven.apache.org/surefire/maven-surefire-plugin/xsd/surefire-test-report.xsd" name="ListingTest" time="0.097" tests="4" errors="0" skipped="0" failures="0">
  <properties>
[...]
</properties>
  <testcase name="testGenerateCode{String, String}[1]" classname="ListingTest" time="0.036"/>
  <testcase name="testGenerateCode{String, String}[2]" classname="ListingTest" time="0"/>
  <testcase name="testGenerateCode{String, String}[3]" classname="ListingTest" time="0"/>
  <testcase name="testGenerateCodeException" classname="ListingTest" time="0.001"/>
</testsuite>